2024-01-22 18:02:32,082 [PID 473264] INFO No binary specified, looking for `pyre.bin` in PATH
2024-01-22 18:02:32,082 [PID 473264] INFO Pyre binary is located at `/home/tim/Documents/personal/23/12/community_chess/.venv/bin/pyre.bin`
2024-01-22 18:02:32,083 [PID 473264] INFO Could not determine the number of Pyre workers from configuration. Auto-set the value to 7.
2024-01-22 18:02:32,086 [PID 473264] INFO No typeshed specified, looking for it...
2024-01-22 18:02:32,086 [PID 473264] INFO Found: `/home/tim/Documents/personal/23/12/community_chess/.venv/lib/pyre_check/typeshed`
2024-01-22 18:02:32,089 [PID 473264] INFO Writing arguments into /tmp/pyre_arguments_unabxmg8.json...
2024-01-22 18:02:32,089 [PID 473264] DEBUG Arguments:
{
  "source_paths": {
    "kind": "simple",
    "paths": [
      "/home/tim/Documents/personal/23/12/community_chess/src"
    ]
  },
  "search_paths": [
    "/home/tim/Documents/personal/23/12/community_chess/.venv/lib/python3.12/site-packages$idna",
    "/home/tim/Documents/personal/23/12/community_chess/.venv/lib/python3.12/site-packages$packaging",
    "/home/tim/Documents/personal/23/12/community_chess/.venv/lib/python3.12/site-packages$charset_normalizer",
    "/home/tim/Documents/personal/23/12/community_chess/.venv/lib/python3.12/site-packages$aiosignal",
    "/home/tim/Documents/personal/23/12/community_chess/.venv/lib/python3.12/site-packages$libcst",
    "/home/tim/Documents/personal/23/12/community_chess/.venv/lib/python3.12/site-packages$pyright",
    "/home/tim/Documents/personal/23/12/community_chess/.venv/lib/python3.12/site-packages$dataclasses_json",
    "/home/tim/Documents/personal/23/12/community_chess/.venv/lib/python3.12/site-packages$mypy",
    "/home/tim/Documents/personal/23/12/community_chess/.venv/lib/python3.12/site-packages$yarl",
    "/home/tim/Documents/personal/23/12/community_chess/.venv/lib/python3.12/site-packages$typeguard",
    "/home/tim/Documents/personal/23/12/community_chess/.venv/lib/python3.12/site-packages$urllib3",
    "/home/tim/Documents/personal/23/12/community_chess/.venv/lib/python3.12/site-packages$attr",
    "/home/tim/Documents/personal/23/12/community_chess/.venv/lib/python3.12/site-packages$multidict",
    "/home/tim/Documents/personal/23/12/community_chess/.venv/lib/python3.12/site-packages$markupsafe",
    "/home/tim/Documents/personal/23/12/community_chess/.venv/lib/python3.12/site-packages$frozenlist",
    "/home/tim/Documents/personal/23/12/community_chess/.venv/lib/python3.12/site-packages$pip",
    "/home/tim/Documents/personal/23/12/community_chess/.venv/lib/python3.12/site-packages$click",
    "/home/tim/Documents/personal/23/12/community_chess/.venv/lib/python3.12/site-packages$marshmallow",
    "/home/tim/Documents/personal/23/12/community_chess/.venv/lib/python3.12/site-packages$chess",
    "/home/tim/Documents/personal/23/12/community_chess/.venv/lib/python3.12/site-packages$aiohttp",
    "/home/tim/Documents/personal/23/12/community_chess/.venv/lib/python3.12/site-packages$pyparsing",
    "/home/tim/Documents/personal/23/12/community_chess/.venv/lib/python3.12/site-packages$attrs",
    "/home/tim/Documents/personal/23/12/community_chess/.venv/lib/python3.12/site-packages$aiosqlite",
    "/home/tim/Documents/personal/23/12/community_chess/.venv/lib/python3.12/site-packages$websocket",
    "/home/tim/Documents/personal/23/12/community_chess/.venv/lib/python3.12/site-packages$certifi",
    "/home/tim/Documents/personal/23/12/community_chess/.venv/lib/python3.12/site-packages$ninja",
    "/home/tim/Documents/personal/23/12/community_chess/.venv/lib/python3.12/site-packages$testslide",
    "/home/tim/Documents/personal/23/12/community_chess/.venv/lib/python3.12/site-packages$jinja2",
    "/home/tim/Documents/personal/23/12/community_chess/.venv/lib/pyre_check/typeshed/stdlib",
    "/home/tim/Documents/personal/23/12/community_chess/.venv/lib/pyre_check/typeshed/stubs/D3DShot",
    "/home/tim/Documents/personal/23/12/community_chess/.venv/lib/pyre_check/typeshed/stubs/DateTimeRange",
    "/home/tim/Documents/personal/23/12/community_chess/.venv/lib/pyre_check/typeshed/stubs/Deprecated",
    "/home/tim/Documents/personal/23/12/community_chess/.venv/lib/pyre_check/typeshed/stubs/ExifRead",
    "/home/tim/Documents/personal/23/12/community_chess/.venv/lib/pyre_check/typeshed/stubs/Flask-Cors",
    "/home/tim/Documents/personal/23/12/community_chess/.venv/lib/pyre_check/typeshed/stubs/Flask-Migrate",
    "/home/tim/Documents/personal/23/12/community_chess/.venv/lib/pyre_check/typeshed/stubs/Flask-SQLAlchemy",
    "/home/tim/Documents/personal/23/12/community_chess/.venv/lib/pyre_check/typeshed/stubs/JACK-Client",
    "/home/tim/Documents/personal/23/12/community_chess/.venv/lib/pyre_check/typeshed/stubs/Markdown",
    "/home/tim/Documents/personal/23/12/community_chess/.venv/lib/pyre_check/typeshed/stubs/Pillow",
    "/home/tim/Documents/personal/23/12/community_chess/.venv/lib/pyre_check/typeshed/stubs/PyAutoGUI",
    "/home/tim/Documents/personal/23/12/community_chess/.venv/lib/pyre_check/typeshed/stubs/PyMySQL",
    "/home/tim/Documents/personal/23/12/community_chess/.venv/lib/pyre_check/typeshed/stubs/PyScreeze",
    "/home/tim/Documents/personal/23/12/community_chess/.venv/lib/pyre_check/typeshed/stubs/PyYAML",
    "/home/tim/Documents/personal/23/12/community_chess/.venv/lib/pyre_check/typeshed/stubs/Pygments",
    "/home/tim/Documents/personal/23/12/community_chess/.venv/lib/pyre_check/typeshed/stubs/SQLAlchemy",
    "/home/tim/Documents/personal/23/12/community_chess/.venv/lib/pyre_check/typeshed/stubs/Send2Trash",
    "/home/tim/Documents/personal/23/12/community_chess/.venv/lib/pyre_check/typeshed/stubs/aiofiles",
    "/home/tim/Documents/personal/23/12/community_chess/.venv/lib/pyre_check/typeshed/stubs/annoy",
    "/home/tim/Documents/personal/23/12/community_chess/.venv/lib/pyre_check/typeshed/stubs/appdirs",
    "/home/tim/Documents/personal/23/12/community_chess/.venv/lib/pyre_check/typeshed/stubs/aws-xray-sdk",
    "/home/tim/Documents/personal/23/12/community_chess/.venv/lib/pyre_check/typeshed/stubs/babel",
    "/home/tim/Documents/personal/23/12/community_chess/.venv/lib/pyre_check/typeshed/stubs/backports.ssl_match_hostname",
    "/home/tim/Documents/personal/23/12/community_chess/.venv/lib/pyre_check/typeshed/stubs/beautifulsoup4",
    "/home/tim/Documents/personal/23/12/community_chess/.venv/lib/pyre_check/typeshed/stubs/bleach",
    "/home/tim/Documents/personal/23/12/community_chess/.venv/lib/pyre_check/typeshed/stubs/boto",
    "/home/tim/Documents/personal/23/12/community_chess/.venv/lib/pyre_check/typeshed/stubs/braintree",
    "/home/tim/Documents/personal/23/12/community_chess/.venv/lib/pyre_check/typeshed/stubs/cachetools",
    "/home/tim/Documents/personal/23/12/community_chess/.venv/lib/pyre_check/typeshed/stubs/caldav",
    "/home/tim/Documents/personal/23/12/community_chess/.venv/lib/pyre_check/typeshed/stubs/cffi",
    "/home/tim/Documents/personal/23/12/community_chess/.venv/lib/pyre_check/typeshed/stubs/chardet",
    "/home/tim/Documents/personal/23/12/community_chess/.venv/lib/pyre_check/typeshed/stubs/chevron",
    "/home/tim/Documents/personal/23/12/community_chess/.venv/lib/pyre_check/typeshed/stubs/click-spinner",
    "/home/tim/Documents/personal/23/12/community_chess/.venv/lib/pyre_check/typeshed/stubs/colorama",
    "/home/tim/Documents/personal/23/12/community_chess/.venv/lib/pyre_check/typeshed/stubs/commonmark",
    "/home/tim/Documents/personal/23/12/community_chess/.venv/lib/pyre_check/typeshed/stubs/console-menu",
    "/home/tim/Documents/personal/23/12/community_chess/.venv/lib/pyre_check/typeshed/stubs/contextvars",
    "/home/tim/Documents/personal/23/12/community_chess/.venv/lib/pyre_check/typeshed/stubs/croniter",
    "/home/tim/Documents/personal/23/12/community_chess/.venv/lib/pyre_check/typeshed/stubs/dateparser",
    "/home/tim/Documents/personal/23/12/community_chess/.venv/lib/pyre_check/typeshed/stubs/decorator",
    "/home/tim/Documents/personal/23/12/community_chess/.venv/lib/pyre_check/typeshed/stubs/dj-database-url",
    "/home/tim/Documents/personal/23/12/community_chess/.venv/lib/pyre_check/typeshed/stubs/dockerfile-parse",
    "/home/tim/Documents/personal/23/12/community_chess/.venv/lib/pyre_check/typeshed/stubs/docopt",
    "/home/tim/Documents/personal/23/12/community_chess/.venv/lib/pyre_check/typeshed/stubs/docutils",
    "/home/tim/Documents/personal/23/12/community_chess/.venv/lib/pyre_check/typeshed/stubs/editdistance",
    "/home/tim/Documents/personal/23/12/community_chess/.venv/lib/pyre_check/typeshed/stubs/emoji",
    "/home/tim/Documents/personal/23/12/community_chess/.venv/lib/pyre_check/typeshed/stubs/entrypoints",
    "/home/tim/Documents/personal/23/12/community_chess/.venv/lib/pyre_check/typeshed/stubs/first",
    "/home/tim/Documents/personal/23/12/community_chess/.venv/lib/pyre_check/typeshed/stubs/flake8-2020",
    "/home/tim/Documents/personal/23/12/community_chess/.venv/lib/pyre_check/typeshed/stubs/flake8-bugbear",
    "/home/tim/Documents/personal/23/12/community_chess/.venv/lib/pyre_check/typeshed/stubs/flake8-builtins",
    "/home/tim/Documents/personal/23/12/community_chess/.venv/lib/pyre_check/typeshed/stubs/flake8-docstrings",
    "/home/tim/Documents/personal/23/12/community_chess/.venv/lib/pyre_check/typeshed/stubs/flake8-plugin-utils",
    "/home/tim/Documents/personal/23/12/community_chess/.venv/lib/pyre_check/typeshed/stubs/flake8-rst-docstrings",
    "/home/tim/Documents/personal/23/12/community_chess/.venv/lib/pyre_check/typeshed/stubs/flake8-simplify",
    "/home/tim/Documents/personal/23/12/community_chess/.venv/lib/pyre_check/typeshed/stubs/flake8-typing-imports",
    "/home/tim/Documents/personal/23/12/community_chess/.venv/lib/pyre_check/typeshed/stubs/fpdf2",
    "/home/tim/Documents/personal/23/12/community_chess/.venv/lib/pyre_check/typeshed/stubs/gdb",
    "/home/tim/Documents/personal/23/12/community_chess/.venv/lib/pyre_check/typeshed/stubs/google-cloud-ndb",
    "/home/tim/Documents/personal/23/12/community_chess/.venv/lib/pyre_check/typeshed/stubs/hdbcli",
    "/home/tim/Documents/personal/23/12/community_chess/.venv/lib/pyre_check/typeshed/stubs/html5lib",
    "/home/tim/Documents/personal/23/12/community_chess/.venv/lib/pyre_check/typeshed/stubs/httplib2",
    "/home/tim/Documents/personal/23/12/community_chess/.venv/lib/pyre_check/typeshed/stubs/humanfriendly",
    "/home/tim/Documents/personal/23/12/community_chess/.venv/lib/pyre_check/typeshed/stubs/ibm-db",
    "/home/tim/Documents/personal/23/12/community_chess/.venv/lib/pyre_check/typeshed/stubs/influxdb-client",
    "/home/tim/Documents/personal/23/12/community_chess/.venv/lib/pyre_check/typeshed/stubs/invoke",
    "/home/tim/Documents/personal/23/12/community_chess/.venv/lib/pyre_check/typeshed/stubs/jmespath",
    "/home/tim/Documents/personal/23/12/community_chess/.venv/lib/pyre_check/typeshed/stubs/jsonschema",
    "/home/tim/Documents/personal/23/12/community_chess/.venv/lib/pyre_check/typeshed/stubs/keyboard",
    "/home/tim/Documents/personal/23/12/community_chess/.venv/lib/pyre_check/typeshed/stubs/ldap3",
    "/home/tim/Documents/personal/23/12/community_chess/.venv/lib/pyre_check/typeshed/stubs/mock",
    "/home/tim/Documents/personal/23/12/community_chess/.venv/lib/pyre_check/typeshed/stubs/mypy-extensions",
    "/home/tim/Documents/personal/23/12/community_chess/.venv/lib/pyre_check/typeshed/stubs/mysqlclient",
    "/home/tim/Documents/personal/23/12/community_chess/.venv/lib/pyre_check/typeshed/stubs/netaddr",
    "/home/tim/Documents/personal/23/12/community_chess/.venv/lib/pyre_check/typeshed/stubs/oauthlib",
    "/home/tim/Documents/personal/23/12/community_chess/.venv/lib/pyre_check/typeshed/stubs/openpyxl",
    "/home/tim/Documents/personal/23/12/community_chess/.venv/lib/pyre_check/typeshed/stubs/opentracing",
    "/home/tim/Documents/personal/23/12/community_chess/.venv/lib/pyre_check/typeshed/stubs/paho-mqtt",
    "/home/tim/Documents/personal/23/12/community_chess/.venv/lib/pyre_check/typeshed/stubs/paramiko",
    "/home/tim/Documents/personal/23/12/community_chess/.venv/lib/pyre_check/typeshed/stubs/parsimonious",
    "/home/tim/Documents/personal/23/12/community_chess/.venv/lib/pyre_check/typeshed/stubs/passlib",
    "/home/tim/Documents/personal/23/12/community_chess/.venv/lib/pyre_check/typeshed/stubs/passpy",
    "/home/tim/Documents/personal/23/12/community_chess/.venv/lib/pyre_check/typeshed/stubs/peewee",
    "/home/tim/Documents/personal/23/12/community_chess/.venv/lib/pyre_check/typeshed/stubs/pep8-naming",
    "/home/tim/Documents/personal/23/12/community_chess/.venv/lib/pyre_check/typeshed/stubs/pika",
    "/home/tim/Documents/personal/23/12/community_chess/.venv/lib/pyre_check/typeshed/stubs/playsound",
    "/home/tim/Documents/personal/23/12/community_chess/.venv/lib/pyre_check/typeshed/stubs/polib",
    "/home/tim/Documents/personal/23/12/community_chess/.venv/lib/pyre_check/typeshed/stubs/prettytable",
    "/home/tim/Documents/personal/23/12/community_chess/.venv/lib/pyre_check/typeshed/stubs/protobuf",
    "/home/tim/Documents/personal/23/12/community_chess/.venv/lib/pyre_check/typeshed/stubs/psutil",
    "/home/tim/Documents/personal/23/12/community_chess/.venv/lib/pyre_check/typeshed/stubs/psycopg2",
    "/home/tim/Documents/personal/23/12/community_chess/.venv/lib/pyre_check/typeshed/stubs/pyOpenSSL",
    "/home/tim/Documents/personal/23/12/community_chess/.venv/lib/pyre_check/typeshed/stubs/pyRFC3339",
    "/home/tim/Documents/personal/23/12/community_chess/.venv/lib/pyre_check/typeshed/stubs/pyasn1",
    "/home/tim/Documents/personal/23/12/community_chess/.venv/lib/pyre_check/typeshed/stubs/pyaudio",
    "/home/tim/Documents/personal/23/12/community_chess/.venv/lib/pyre_check/typeshed/stubs/pycocotools",
    "/home/tim/Documents/personal/23/12/community_chess/.venv/lib/pyre_check/typeshed/stubs/pycurl",
    "/home/tim/Documents/personal/23/12/community_chess/.venv/lib/pyre_check/typeshed/stubs/pyfarmhash",
    "/home/tim/Documents/personal/23/12/community_chess/.venv/lib/pyre_check/typeshed/stubs/pyflakes",
    "/home/tim/Documents/personal/23/12/community_chess/.venv/lib/pyre_check/typeshed/stubs/pyinstaller",
    "/home/tim/Documents/personal/23/12/community_chess/.venv/lib/pyre_check/typeshed/stubs/pynput",
    "/home/tim/Documents/personal/23/12/community_chess/.venv/lib/pyre_check/typeshed/stubs/pyserial",
    "/home/tim/Documents/personal/23/12/community_chess/.venv/lib/pyre_check/typeshed/stubs/pysftp",
    "/home/tim/Documents/personal/23/12/community_chess/.venv/lib/pyre_check/typeshed/stubs/pytest-lazy-fixture",
    "/home/tim/Documents/personal/23/12/community_chess/.venv/lib/pyre_check/typeshed/stubs/python-crontab",
    "/home/tim/Documents/personal/23/12/community_chess/.venv/lib/pyre_check/typeshed/stubs/python-datemath",
    "/home/tim/Documents/personal/23/12/community_chess/.venv/lib/pyre_check/typeshed/stubs/python-dateutil",
    "/home/tim/Documents/personal/23/12/community_chess/.venv/lib/pyre_check/typeshed/stubs/python-gflags",
    "/home/tim/Documents/personal/23/12/community_chess/.venv/lib/pyre_check/typeshed/stubs/python-jose",
    "/home/tim/Documents/personal/23/12/community_chess/.venv/lib/pyre_check/typeshed/stubs/python-nmap",
    "/home/tim/Documents/personal/23/12/community_chess/.venv/lib/pyre_check/typeshed/stubs/python-slugify",
    "/home/tim/Documents/personal/23/12/community_chess/.venv/lib/pyre_check/typeshed/stubs/python-xlib",
    "/home/tim/Documents/personal/23/12/community_chess/.venv/lib/pyre_check/typeshed/stubs/pytz",
    "/home/tim/Documents/personal/23/12/community_chess/.venv/lib/pyre_check/typeshed/stubs/pyvmomi",
    "/home/tim/Documents/personal/23/12/community_chess/.venv/lib/pyre_check/typeshed/stubs/pywin32",
    "/home/tim/Documents/personal/23/12/community_chess/.venv/lib/pyre_check/typeshed/stubs/redis",
    "/home/tim/Documents/personal/23/12/community_chess/.venv/lib/pyre_check/typeshed/stubs/regex",
    "/home/tim/Documents/personal/23/12/community_chess/.venv/lib/pyre_check/typeshed/stubs/requests",
    "/home/tim/Documents/personal/23/12/community_chess/.venv/lib/pyre_check/typeshed/stubs/retry",
    "/home/tim/Documents/personal/23/12/community_chess/.venv/lib/pyre_check/typeshed/stubs/setuptools",
    "/home/tim/Documents/personal/23/12/community_chess/.venv/lib/pyre_check/typeshed/stubs/simplejson",
    "/home/tim/Documents/personal/23/12/community_chess/.venv/lib/pyre_check/typeshed/stubs/singledispatch",
    "/home/tim/Documents/personal/23/12/community_chess/.venv/lib/pyre_check/typeshed/stubs/six",
    "/home/tim/Documents/personal/23/12/community_chess/.venv/lib/pyre_check/typeshed/stubs/slumber",
    "/home/tim/Documents/personal/23/12/community_chess/.venv/lib/pyre_check/typeshed/stubs/stdlib-list",
    "/home/tim/Documents/personal/23/12/community_chess/.venv/lib/pyre_check/typeshed/stubs/stripe",
    "/home/tim/Documents/personal/23/12/community_chess/.venv/lib/pyre_check/typeshed/stubs/tabulate",
    "/home/tim/Documents/personal/23/12/community_chess/.venv/lib/pyre_check/typeshed/stubs/tensorflow",
    "/home/tim/Documents/personal/23/12/community_chess/.venv/lib/pyre_check/typeshed/stubs/termcolor",
    "/home/tim/Documents/personal/23/12/community_chess/.venv/lib/pyre_check/typeshed/stubs/toml",
    "/home/tim/Documents/personal/23/12/community_chess/.venv/lib/pyre_check/typeshed/stubs/toposort",
    "/home/tim/Documents/personal/23/12/community_chess/.venv/lib/pyre_check/typeshed/stubs/tqdm",
    "/home/tim/Documents/personal/23/12/community_chess/.venv/lib/pyre_check/typeshed/stubs/tree-sitter",
    "/home/tim/Documents/personal/23/12/community_chess/.venv/lib/pyre_check/typeshed/stubs/tree-sitter-languages",
    "/home/tim/Documents/personal/23/12/community_chess/.venv/lib/pyre_check/typeshed/stubs/ttkthemes",
    "/home/tim/Documents/personal/23/12/community_chess/.venv/lib/pyre_check/typeshed/stubs/typed-ast",
    "/home/tim/Documents/personal/23/12/community_chess/.venv/lib/pyre_check/typeshed/stubs/tzlocal",
    "/home/tim/Documents/personal/23/12/community_chess/.venv/lib/pyre_check/typeshed/stubs/ujson",
    "/home/tim/Documents/personal/23/12/community_chess/.venv/lib/pyre_check/typeshed/stubs/untangle",
    "/home/tim/Documents/personal/23/12/community_chess/.venv/lib/pyre_check/typeshed/stubs/urllib3",
    "/home/tim/Documents/personal/23/12/community_chess/.venv/lib/pyre_check/typeshed/stubs/vobject",
    "/home/tim/Documents/personal/23/12/community_chess/.venv/lib/pyre_check/typeshed/stubs/waitress",
    "/home/tim/Documents/personal/23/12/community_chess/.venv/lib/pyre_check/typeshed/stubs/whatthepatch",
    "/home/tim/Documents/personal/23/12/community_chess/.venv/lib/pyre_check/typeshed/stubs/xmltodict",
    "/home/tim/Documents/personal/23/12/community_chess/.venv/lib/pyre_check/typeshed/stubs/xxhash",
    "/home/tim/Documents/personal/23/12/community_chess/.venv/lib/pyre_check/typeshed/stubs/zstd",
    "/home/tim/Documents/personal/23/12/community_chess/.venv/lib/pyre_check/typeshed/stubs/zxcvbn"
  ],
  "excludes": [],
  "checked_directory_allowlist": [
    "/home/tim/Documents/personal/23/12/community_chess/src"
  ],
  "checked_directory_blocklist": [],
  "extensions": [],
  "log_path": "/home/tim/Documents/personal/23/12/community_chess/.pyre",
  "global_root": "/home/tim/Documents/personal/23/12/community_chess",
  "debug": false,
  "python_version": {
    "major": 3,
    "minor": 12,
    "micro": 1
  },
  "shared_memory": {},
  "parallel": true,
  "number_of_workers": 7,
  "additional_logging_sections": [],
  "show_error_traces": false,
  "strict": false
}
2024-01-22 18:02:32,115 [PID 473264] INFO  Initializing shared memory (heap_size: 8589934592, dep_table_pow: 27, hash_table_pow: 26)
2024-01-22 18:02:32,116 [PID 473264] INFO  Creating environment...
2024-01-22 18:02:32,116 [PID 473264] INFO  Building module tracker...
2024-01-22 18:02:32,366 [PID 473264] PERFORMANCE  Module tracker built: 0.249s
2024-01-22 18:02:32,413 [PID 473264] PERFORMANCE  Full environment built: 0.297s
2024-01-22 18:02:32,413 [PID 473264] INFO  Collecting all definitions...
2024-01-22 18:02:32,422 [PID 473264] PERFORMANCE  Collected definitions (defines: 50): 0.009s
2024-01-22 18:02:32,422 [PID 473264] INFO  Checking 50 functions...
2024-01-22 18:02:32,879 [PID 473264] INFO  Processed 50 of 50 functions
2024-01-22 18:02:32,879 [PID 473264] PERFORMANCE  Check_TypeCheck: 0.456s
2024-01-22 18:02:32,879 [PID 473264] MEMORY  Shared memory size post-typecheck (size: 2)
2024-01-22 18:02:32,879 [PID 473264] INFO  Postprocessing 4 sources...
2024-01-22 18:02:32,879 [PID 473264] INFO  Postprocessed 4 of 4 sources
2024-01-22 18:02:32,880 [PID 473264] PERFORMANCE  Check_Postprocessing: 0.001s
2024-01-22 18:02:32,880 [PID 473264] PERFORMANCE  Check (request kind: FullCheck): 0.764s
2024-01-22 18:02:32,908 [PID 473264] ERROR Found 18 type errors!
2024-01-22 18:03:11,141 [PID 473887] INFO No binary specified, looking for `pyre.bin` in PATH
2024-01-22 18:03:11,141 [PID 473887] INFO Pyre binary is located at `/home/tim/Documents/personal/23/12/community_chess/.venv/bin/pyre.bin`
2024-01-22 18:03:11,142 [PID 473887] INFO Could not determine the number of Pyre workers from configuration. Auto-set the value to 7.
2024-01-22 18:03:11,145 [PID 473887] INFO No typeshed specified, looking for it...
2024-01-22 18:03:11,145 [PID 473887] INFO Found: `/home/tim/Documents/personal/23/12/community_chess/.venv/lib/pyre_check/typeshed`
2024-01-22 18:03:11,147 [PID 473887] INFO Writing arguments into /tmp/pyre_arguments_osm5stgr.json...
2024-01-22 18:03:11,147 [PID 473887] DEBUG Arguments:
{
  "source_paths": {
    "kind": "simple",
    "paths": [
      "/home/tim/Documents/personal/23/12/community_chess"
    ]
  },
  "search_paths": [
    "/home/tim/Documents/personal/23/12/community_chess/.venv/lib/python3.12/site-packages$attrs",
    "/home/tim/Documents/personal/23/12/community_chess/.venv/lib/python3.12/site-packages$charset_normalizer",
    "/home/tim/Documents/personal/23/12/community_chess/.venv/lib/python3.12/site-packages$multidict",
    "/home/tim/Documents/personal/23/12/community_chess/.venv/lib/python3.12/site-packages$aiosqlite",
    "/home/tim/Documents/personal/23/12/community_chess/.venv/lib/python3.12/site-packages$pip",
    "/home/tim/Documents/personal/23/12/community_chess/.venv/lib/python3.12/site-packages$ninja",
    "/home/tim/Documents/personal/23/12/community_chess/.venv/lib/python3.12/site-packages$yarl",
    "/home/tim/Documents/personal/23/12/community_chess/.venv/lib/python3.12/site-packages$marshmallow",
    "/home/tim/Documents/personal/23/12/community_chess/.venv/lib/python3.12/site-packages$click",
    "/home/tim/Documents/personal/23/12/community_chess/.venv/lib/python3.12/site-packages$certifi",
    "/home/tim/Documents/personal/23/12/community_chess/.venv/lib/python3.12/site-packages$testslide",
    "/home/tim/Documents/personal/23/12/community_chess/.venv/lib/python3.12/site-packages$typeguard",
    "/home/tim/Documents/personal/23/12/community_chess/.venv/lib/python3.12/site-packages$chess",
    "/home/tim/Documents/personal/23/12/community_chess/.venv/lib/python3.12/site-packages$markupsafe",
    "/home/tim/Documents/personal/23/12/community_chess/.venv/lib/python3.12/site-packages$dataclasses_json",
    "/home/tim/Documents/personal/23/12/community_chess/.venv/lib/python3.12/site-packages$aiohttp",
    "/home/tim/Documents/personal/23/12/community_chess/.venv/lib/python3.12/site-packages$urllib3",
    "/home/tim/Documents/personal/23/12/community_chess/.venv/lib/python3.12/site-packages$packaging",
    "/home/tim/Documents/personal/23/12/community_chess/.venv/lib/python3.12/site-packages$aiosignal",
    "/home/tim/Documents/personal/23/12/community_chess/.venv/lib/python3.12/site-packages$attr",
    "/home/tim/Documents/personal/23/12/community_chess/.venv/lib/python3.12/site-packages$mypy",
    "/home/tim/Documents/personal/23/12/community_chess/.venv/lib/python3.12/site-packages$frozenlist",
    "/home/tim/Documents/personal/23/12/community_chess/.venv/lib/python3.12/site-packages$pyright",
    "/home/tim/Documents/personal/23/12/community_chess/.venv/lib/python3.12/site-packages$libcst",
    "/home/tim/Documents/personal/23/12/community_chess/.venv/lib/python3.12/site-packages$idna",
    "/home/tim/Documents/personal/23/12/community_chess/.venv/lib/python3.12/site-packages$pyparsing",
    "/home/tim/Documents/personal/23/12/community_chess/.venv/lib/python3.12/site-packages$jinja2",
    "/home/tim/Documents/personal/23/12/community_chess/.venv/lib/python3.12/site-packages$websocket",
    "/home/tim/Documents/personal/23/12/community_chess/.venv/lib/pyre_check/typeshed/stdlib",
    "/home/tim/Documents/personal/23/12/community_chess/.venv/lib/pyre_check/typeshed/stubs/D3DShot",
    "/home/tim/Documents/personal/23/12/community_chess/.venv/lib/pyre_check/typeshed/stubs/DateTimeRange",
    "/home/tim/Documents/personal/23/12/community_chess/.venv/lib/pyre_check/typeshed/stubs/Deprecated",
    "/home/tim/Documents/personal/23/12/community_chess/.venv/lib/pyre_check/typeshed/stubs/ExifRead",
    "/home/tim/Documents/personal/23/12/community_chess/.venv/lib/pyre_check/typeshed/stubs/Flask-Cors",
    "/home/tim/Documents/personal/23/12/community_chess/.venv/lib/pyre_check/typeshed/stubs/Flask-Migrate",
    "/home/tim/Documents/personal/23/12/community_chess/.venv/lib/pyre_check/typeshed/stubs/Flask-SQLAlchemy",
    "/home/tim/Documents/personal/23/12/community_chess/.venv/lib/pyre_check/typeshed/stubs/JACK-Client",
    "/home/tim/Documents/personal/23/12/community_chess/.venv/lib/pyre_check/typeshed/stubs/Markdown",
    "/home/tim/Documents/personal/23/12/community_chess/.venv/lib/pyre_check/typeshed/stubs/Pillow",
    "/home/tim/Documents/personal/23/12/community_chess/.venv/lib/pyre_check/typeshed/stubs/PyAutoGUI",
    "/home/tim/Documents/personal/23/12/community_chess/.venv/lib/pyre_check/typeshed/stubs/PyMySQL",
    "/home/tim/Documents/personal/23/12/community_chess/.venv/lib/pyre_check/typeshed/stubs/PyScreeze",
    "/home/tim/Documents/personal/23/12/community_chess/.venv/lib/pyre_check/typeshed/stubs/PyYAML",
    "/home/tim/Documents/personal/23/12/community_chess/.venv/lib/pyre_check/typeshed/stubs/Pygments",
    "/home/tim/Documents/personal/23/12/community_chess/.venv/lib/pyre_check/typeshed/stubs/SQLAlchemy",
    "/home/tim/Documents/personal/23/12/community_chess/.venv/lib/pyre_check/typeshed/stubs/Send2Trash",
    "/home/tim/Documents/personal/23/12/community_chess/.venv/lib/pyre_check/typeshed/stubs/aiofiles",
    "/home/tim/Documents/personal/23/12/community_chess/.venv/lib/pyre_check/typeshed/stubs/annoy",
    "/home/tim/Documents/personal/23/12/community_chess/.venv/lib/pyre_check/typeshed/stubs/appdirs",
    "/home/tim/Documents/personal/23/12/community_chess/.venv/lib/pyre_check/typeshed/stubs/aws-xray-sdk",
    "/home/tim/Documents/personal/23/12/community_chess/.venv/lib/pyre_check/typeshed/stubs/babel",
    "/home/tim/Documents/personal/23/12/community_chess/.venv/lib/pyre_check/typeshed/stubs/backports.ssl_match_hostname",
    "/home/tim/Documents/personal/23/12/community_chess/.venv/lib/pyre_check/typeshed/stubs/beautifulsoup4",
    "/home/tim/Documents/personal/23/12/community_chess/.venv/lib/pyre_check/typeshed/stubs/bleach",
    "/home/tim/Documents/personal/23/12/community_chess/.venv/lib/pyre_check/typeshed/stubs/boto",
    "/home/tim/Documents/personal/23/12/community_chess/.venv/lib/pyre_check/typeshed/stubs/braintree",
    "/home/tim/Documents/personal/23/12/community_chess/.venv/lib/pyre_check/typeshed/stubs/cachetools",
    "/home/tim/Documents/personal/23/12/community_chess/.venv/lib/pyre_check/typeshed/stubs/caldav",
    "/home/tim/Documents/personal/23/12/community_chess/.venv/lib/pyre_check/typeshed/stubs/cffi",
    "/home/tim/Documents/personal/23/12/community_chess/.venv/lib/pyre_check/typeshed/stubs/chardet",
    "/home/tim/Documents/personal/23/12/community_chess/.venv/lib/pyre_check/typeshed/stubs/chevron",
    "/home/tim/Documents/personal/23/12/community_chess/.venv/lib/pyre_check/typeshed/stubs/click-spinner",
    "/home/tim/Documents/personal/23/12/community_chess/.venv/lib/pyre_check/typeshed/stubs/colorama",
    "/home/tim/Documents/personal/23/12/community_chess/.venv/lib/pyre_check/typeshed/stubs/commonmark",
    "/home/tim/Documents/personal/23/12/community_chess/.venv/lib/pyre_check/typeshed/stubs/console-menu",
    "/home/tim/Documents/personal/23/12/community_chess/.venv/lib/pyre_check/typeshed/stubs/contextvars",
    "/home/tim/Documents/personal/23/12/community_chess/.venv/lib/pyre_check/typeshed/stubs/croniter",
    "/home/tim/Documents/personal/23/12/community_chess/.venv/lib/pyre_check/typeshed/stubs/dateparser",
    "/home/tim/Documents/personal/23/12/community_chess/.venv/lib/pyre_check/typeshed/stubs/decorator",
    "/home/tim/Documents/personal/23/12/community_chess/.venv/lib/pyre_check/typeshed/stubs/dj-database-url",
    "/home/tim/Documents/personal/23/12/community_chess/.venv/lib/pyre_check/typeshed/stubs/dockerfile-parse",
    "/home/tim/Documents/personal/23/12/community_chess/.venv/lib/pyre_check/typeshed/stubs/docopt",
    "/home/tim/Documents/personal/23/12/community_chess/.venv/lib/pyre_check/typeshed/stubs/docutils",
    "/home/tim/Documents/personal/23/12/community_chess/.venv/lib/pyre_check/typeshed/stubs/editdistance",
    "/home/tim/Documents/personal/23/12/community_chess/.venv/lib/pyre_check/typeshed/stubs/emoji",
    "/home/tim/Documents/personal/23/12/community_chess/.venv/lib/pyre_check/typeshed/stubs/entrypoints",
    "/home/tim/Documents/personal/23/12/community_chess/.venv/lib/pyre_check/typeshed/stubs/first",
    "/home/tim/Documents/personal/23/12/community_chess/.venv/lib/pyre_check/typeshed/stubs/flake8-2020",
    "/home/tim/Documents/personal/23/12/community_chess/.venv/lib/pyre_check/typeshed/stubs/flake8-bugbear",
    "/home/tim/Documents/personal/23/12/community_chess/.venv/lib/pyre_check/typeshed/stubs/flake8-builtins",
    "/home/tim/Documents/personal/23/12/community_chess/.venv/lib/pyre_check/typeshed/stubs/flake8-docstrings",
    "/home/tim/Documents/personal/23/12/community_chess/.venv/lib/pyre_check/typeshed/stubs/flake8-plugin-utils",
    "/home/tim/Documents/personal/23/12/community_chess/.venv/lib/pyre_check/typeshed/stubs/flake8-rst-docstrings",
    "/home/tim/Documents/personal/23/12/community_chess/.venv/lib/pyre_check/typeshed/stubs/flake8-simplify",
    "/home/tim/Documents/personal/23/12/community_chess/.venv/lib/pyre_check/typeshed/stubs/flake8-typing-imports",
    "/home/tim/Documents/personal/23/12/community_chess/.venv/lib/pyre_check/typeshed/stubs/fpdf2",
    "/home/tim/Documents/personal/23/12/community_chess/.venv/lib/pyre_check/typeshed/stubs/gdb",
    "/home/tim/Documents/personal/23/12/community_chess/.venv/lib/pyre_check/typeshed/stubs/google-cloud-ndb",
    "/home/tim/Documents/personal/23/12/community_chess/.venv/lib/pyre_check/typeshed/stubs/hdbcli",
    "/home/tim/Documents/personal/23/12/community_chess/.venv/lib/pyre_check/typeshed/stubs/html5lib",
    "/home/tim/Documents/personal/23/12/community_chess/.venv/lib/pyre_check/typeshed/stubs/httplib2",
    "/home/tim/Documents/personal/23/12/community_chess/.venv/lib/pyre_check/typeshed/stubs/humanfriendly",
    "/home/tim/Documents/personal/23/12/community_chess/.venv/lib/pyre_check/typeshed/stubs/ibm-db",
    "/home/tim/Documents/personal/23/12/community_chess/.venv/lib/pyre_check/typeshed/stubs/influxdb-client",
    "/home/tim/Documents/personal/23/12/community_chess/.venv/lib/pyre_check/typeshed/stubs/invoke",
    "/home/tim/Documents/personal/23/12/community_chess/.venv/lib/pyre_check/typeshed/stubs/jmespath",
    "/home/tim/Documents/personal/23/12/community_chess/.venv/lib/pyre_check/typeshed/stubs/jsonschema",
    "/home/tim/Documents/personal/23/12/community_chess/.venv/lib/pyre_check/typeshed/stubs/keyboard",
    "/home/tim/Documents/personal/23/12/community_chess/.venv/lib/pyre_check/typeshed/stubs/ldap3",
    "/home/tim/Documents/personal/23/12/community_chess/.venv/lib/pyre_check/typeshed/stubs/mock",
    "/home/tim/Documents/personal/23/12/community_chess/.venv/lib/pyre_check/typeshed/stubs/mypy-extensions",
    "/home/tim/Documents/personal/23/12/community_chess/.venv/lib/pyre_check/typeshed/stubs/mysqlclient",
    "/home/tim/Documents/personal/23/12/community_chess/.venv/lib/pyre_check/typeshed/stubs/netaddr",
    "/home/tim/Documents/personal/23/12/community_chess/.venv/lib/pyre_check/typeshed/stubs/oauthlib",
    "/home/tim/Documents/personal/23/12/community_chess/.venv/lib/pyre_check/typeshed/stubs/openpyxl",
    "/home/tim/Documents/personal/23/12/community_chess/.venv/lib/pyre_check/typeshed/stubs/opentracing",
    "/home/tim/Documents/personal/23/12/community_chess/.venv/lib/pyre_check/typeshed/stubs/paho-mqtt",
    "/home/tim/Documents/personal/23/12/community_chess/.venv/lib/pyre_check/typeshed/stubs/paramiko",
    "/home/tim/Documents/personal/23/12/community_chess/.venv/lib/pyre_check/typeshed/stubs/parsimonious",
    "/home/tim/Documents/personal/23/12/community_chess/.venv/lib/pyre_check/typeshed/stubs/passlib",
    "/home/tim/Documents/personal/23/12/community_chess/.venv/lib/pyre_check/typeshed/stubs/passpy",
    "/home/tim/Documents/personal/23/12/community_chess/.venv/lib/pyre_check/typeshed/stubs/peewee",
    "/home/tim/Documents/personal/23/12/community_chess/.venv/lib/pyre_check/typeshed/stubs/pep8-naming",
    "/home/tim/Documents/personal/23/12/community_chess/.venv/lib/pyre_check/typeshed/stubs/pika",
    "/home/tim/Documents/personal/23/12/community_chess/.venv/lib/pyre_check/typeshed/stubs/playsound",
    "/home/tim/Documents/personal/23/12/community_chess/.venv/lib/pyre_check/typeshed/stubs/polib",
    "/home/tim/Documents/personal/23/12/community_chess/.venv/lib/pyre_check/typeshed/stubs/prettytable",
    "/home/tim/Documents/personal/23/12/community_chess/.venv/lib/pyre_check/typeshed/stubs/protobuf",
    "/home/tim/Documents/personal/23/12/community_chess/.venv/lib/pyre_check/typeshed/stubs/psutil",
    "/home/tim/Documents/personal/23/12/community_chess/.venv/lib/pyre_check/typeshed/stubs/psycopg2",
    "/home/tim/Documents/personal/23/12/community_chess/.venv/lib/pyre_check/typeshed/stubs/pyOpenSSL",
    "/home/tim/Documents/personal/23/12/community_chess/.venv/lib/pyre_check/typeshed/stubs/pyRFC3339",
    "/home/tim/Documents/personal/23/12/community_chess/.venv/lib/pyre_check/typeshed/stubs/pyasn1",
    "/home/tim/Documents/personal/23/12/community_chess/.venv/lib/pyre_check/typeshed/stubs/pyaudio",
    "/home/tim/Documents/personal/23/12/community_chess/.venv/lib/pyre_check/typeshed/stubs/pycocotools",
    "/home/tim/Documents/personal/23/12/community_chess/.venv/lib/pyre_check/typeshed/stubs/pycurl",
    "/home/tim/Documents/personal/23/12/community_chess/.venv/lib/pyre_check/typeshed/stubs/pyfarmhash",
    "/home/tim/Documents/personal/23/12/community_chess/.venv/lib/pyre_check/typeshed/stubs/pyflakes",
    "/home/tim/Documents/personal/23/12/community_chess/.venv/lib/pyre_check/typeshed/stubs/pyinstaller",
    "/home/tim/Documents/personal/23/12/community_chess/.venv/lib/pyre_check/typeshed/stubs/pynput",
    "/home/tim/Documents/personal/23/12/community_chess/.venv/lib/pyre_check/typeshed/stubs/pyserial",
    "/home/tim/Documents/personal/23/12/community_chess/.venv/lib/pyre_check/typeshed/stubs/pysftp",
    "/home/tim/Documents/personal/23/12/community_chess/.venv/lib/pyre_check/typeshed/stubs/pytest-lazy-fixture",
    "/home/tim/Documents/personal/23/12/community_chess/.venv/lib/pyre_check/typeshed/stubs/python-crontab",
    "/home/tim/Documents/personal/23/12/community_chess/.venv/lib/pyre_check/typeshed/stubs/python-datemath",
    "/home/tim/Documents/personal/23/12/community_chess/.venv/lib/pyre_check/typeshed/stubs/python-dateutil",
    "/home/tim/Documents/personal/23/12/community_chess/.venv/lib/pyre_check/typeshed/stubs/python-gflags",
    "/home/tim/Documents/personal/23/12/community_chess/.venv/lib/pyre_check/typeshed/stubs/python-jose",
    "/home/tim/Documents/personal/23/12/community_chess/.venv/lib/pyre_check/typeshed/stubs/python-nmap",
    "/home/tim/Documents/personal/23/12/community_chess/.venv/lib/pyre_check/typeshed/stubs/python-slugify",
    "/home/tim/Documents/personal/23/12/community_chess/.venv/lib/pyre_check/typeshed/stubs/python-xlib",
    "/home/tim/Documents/personal/23/12/community_chess/.venv/lib/pyre_check/typeshed/stubs/pytz",
    "/home/tim/Documents/personal/23/12/community_chess/.venv/lib/pyre_check/typeshed/stubs/pyvmomi",
    "/home/tim/Documents/personal/23/12/community_chess/.venv/lib/pyre_check/typeshed/stubs/pywin32",
    "/home/tim/Documents/personal/23/12/community_chess/.venv/lib/pyre_check/typeshed/stubs/redis",
    "/home/tim/Documents/personal/23/12/community_chess/.venv/lib/pyre_check/typeshed/stubs/regex",
    "/home/tim/Documents/personal/23/12/community_chess/.venv/lib/pyre_check/typeshed/stubs/requests",
    "/home/tim/Documents/personal/23/12/community_chess/.venv/lib/pyre_check/typeshed/stubs/retry",
    "/home/tim/Documents/personal/23/12/community_chess/.venv/lib/pyre_check/typeshed/stubs/setuptools",
    "/home/tim/Documents/personal/23/12/community_chess/.venv/lib/pyre_check/typeshed/stubs/simplejson",
    "/home/tim/Documents/personal/23/12/community_chess/.venv/lib/pyre_check/typeshed/stubs/singledispatch",
    "/home/tim/Documents/personal/23/12/community_chess/.venv/lib/pyre_check/typeshed/stubs/six",
    "/home/tim/Documents/personal/23/12/community_chess/.venv/lib/pyre_check/typeshed/stubs/slumber",
    "/home/tim/Documents/personal/23/12/community_chess/.venv/lib/pyre_check/typeshed/stubs/stdlib-list",
    "/home/tim/Documents/personal/23/12/community_chess/.venv/lib/pyre_check/typeshed/stubs/stripe",
    "/home/tim/Documents/personal/23/12/community_chess/.venv/lib/pyre_check/typeshed/stubs/tabulate",
    "/home/tim/Documents/personal/23/12/community_chess/.venv/lib/pyre_check/typeshed/stubs/tensorflow",
    "/home/tim/Documents/personal/23/12/community_chess/.venv/lib/pyre_check/typeshed/stubs/termcolor",
    "/home/tim/Documents/personal/23/12/community_chess/.venv/lib/pyre_check/typeshed/stubs/toml",
    "/home/tim/Documents/personal/23/12/community_chess/.venv/lib/pyre_check/typeshed/stubs/toposort",
    "/home/tim/Documents/personal/23/12/community_chess/.venv/lib/pyre_check/typeshed/stubs/tqdm",
    "/home/tim/Documents/personal/23/12/community_chess/.venv/lib/pyre_check/typeshed/stubs/tree-sitter",
    "/home/tim/Documents/personal/23/12/community_chess/.venv/lib/pyre_check/typeshed/stubs/tree-sitter-languages",
    "/home/tim/Documents/personal/23/12/community_chess/.venv/lib/pyre_check/typeshed/stubs/ttkthemes",
    "/home/tim/Documents/personal/23/12/community_chess/.venv/lib/pyre_check/typeshed/stubs/typed-ast",
    "/home/tim/Documents/personal/23/12/community_chess/.venv/lib/pyre_check/typeshed/stubs/tzlocal",
    "/home/tim/Documents/personal/23/12/community_chess/.venv/lib/pyre_check/typeshed/stubs/ujson",
    "/home/tim/Documents/personal/23/12/community_chess/.venv/lib/pyre_check/typeshed/stubs/untangle",
    "/home/tim/Documents/personal/23/12/community_chess/.venv/lib/pyre_check/typeshed/stubs/urllib3",
    "/home/tim/Documents/personal/23/12/community_chess/.venv/lib/pyre_check/typeshed/stubs/vobject",
    "/home/tim/Documents/personal/23/12/community_chess/.venv/lib/pyre_check/typeshed/stubs/waitress",
    "/home/tim/Documents/personal/23/12/community_chess/.venv/lib/pyre_check/typeshed/stubs/whatthepatch",
    "/home/tim/Documents/personal/23/12/community_chess/.venv/lib/pyre_check/typeshed/stubs/xmltodict",
    "/home/tim/Documents/personal/23/12/community_chess/.venv/lib/pyre_check/typeshed/stubs/xxhash",
    "/home/tim/Documents/personal/23/12/community_chess/.venv/lib/pyre_check/typeshed/stubs/zstd",
    "/home/tim/Documents/personal/23/12/community_chess/.venv/lib/pyre_check/typeshed/stubs/zxcvbn"
  ],
  "excludes": [],
  "checked_directory_allowlist": [
    "/home/tim/Documents/personal/23/12/community_chess"
  ],
  "checked_directory_blocklist": [],
  "extensions": [],
  "log_path": "/home/tim/Documents/personal/23/12/community_chess/.pyre",
  "global_root": "/home/tim/Documents/personal/23/12/community_chess",
  "debug": false,
  "python_version": {
    "major": 3,
    "minor": 12,
    "micro": 1
  },
  "shared_memory": {},
  "parallel": true,
  "number_of_workers": 7,
  "additional_logging_sections": [],
  "show_error_traces": false,
  "strict": false
}
2024-01-22 18:03:11,165 [PID 473887] INFO  Initializing shared memory (heap_size: 8589934592, dep_table_pow: 27, hash_table_pow: 26)
2024-01-22 18:03:11,166 [PID 473887] INFO  Creating environment...
2024-01-22 18:03:11,166 [PID 473887] INFO  Building module tracker...
2024-01-22 18:03:11,422 [PID 473887] PERFORMANCE  Module tracker built: 0.255s
2024-01-22 18:03:11,478 [PID 473887] PERFORMANCE  Full environment built: 0.312s
2024-01-22 18:03:11,478 [PID 473887] INFO  Collecting all definitions...
2024-01-22 18:03:14,098 [PID 473887] PERFORMANCE  Collected definitions (defines: 106950): 2.620s
2024-01-22 18:03:14,098 [PID 473887] INFO  Checking 106950 functions...
2024-01-22 18:03:16,651 [PID 473887] INFO  Processed 4862 of 106950 functions
2024-01-22 18:03:16,784 [PID 473887] INFO  Processed 9724 of 106950 functions
2024-01-22 18:03:17,402 [PID 473887] INFO  Processed 14586 of 106950 functions
2024-01-22 18:03:17,504 [PID 473887] INFO  Processed 19448 of 106950 functions
2024-01-22 18:03:17,661 [PID 473887] INFO  Processed 24310 of 106950 functions
2024-01-22 18:03:17,827 [PID 473887] INFO  Processed 29172 of 106950 functions
2024-01-22 18:03:18,045 [PID 473887] INFO  Processed 34034 of 106950 functions
2024-01-22 18:03:20,064 [PID 473887] INFO  Processed 38896 of 106950 functions
2024-01-22 18:03:20,318 [PID 473887] INFO  Processed 43758 of 106950 functions
2024-01-22 18:03:20,994 [PID 473887] INFO  Processed 48620 of 106950 functions
2024-01-22 18:03:21,123 [PID 473887] INFO  Processed 53482 of 106950 functions
2024-01-22 18:03:21,221 [PID 473887] INFO  Processed 58344 of 106950 functions
2024-01-22 18:03:21,292 [PID 473887] INFO  Processed 63206 of 106950 functions
2024-01-22 18:03:21,365 [PID 473887] INFO  Processed 68068 of 106950 functions
2024-01-22 18:03:24,005 [PID 473887] INFO  Processed 72930 of 106950 functions
2024-01-22 18:03:24,327 [PID 473887] INFO  Processed 77792 of 106950 functions
2024-01-22 18:03:24,354 [PID 473887] INFO  Processed 82654 of 106950 functions
2024-01-22 18:03:24,408 [PID 473887] INFO  Processed 87516 of 106950 functions
2024-01-22 18:03:24,441 [PID 473887] INFO  Processed 92378 of 106950 functions
2024-01-22 18:03:24,512 [PID 473887] INFO  Processed 97240 of 106950 functions
2024-01-22 18:03:25,217 [PID 473887] INFO  Processed 102102 of 106950 functions
2024-01-22 18:03:27,833 [PID 473887] INFO  Processed 106950 of 106950 functions
2024-01-22 18:03:27,833 [PID 473887] PERFORMANCE  Check_TypeCheck: 13.735s
2024-01-22 18:03:27,833 [PID 473887] MEMORY  Shared memory size post-typecheck (size: 284)
2024-01-22 18:03:27,833 [PID 473887] INFO  Postprocessing 5364 sources...
2024-01-22 18:03:28,280 [PID 473887] INFO  Postprocessed 767 of 5364 sources
2024-01-22 18:03:28,288 [PID 473887] INFO  Postprocessed 1534 of 5364 sources
2024-01-22 18:03:28,289 [PID 473887] INFO  Postprocessed 2301 of 5364 sources
2024-01-22 18:03:28,302 [PID 473887] INFO  Postprocessed 3068 of 5364 sources
2024-01-22 18:03:28,303 [PID 473887] INFO  Postprocessed 3835 of 5364 sources
2024-01-22 18:03:28,311 [PID 473887] INFO  Postprocessed 4602 of 5364 sources
2024-01-22 18:03:28,338 [PID 473887] INFO  Postprocessed 5364 of 5364 sources
2024-01-22 18:03:28,339 [PID 473887] PERFORMANCE  Check_Postprocessing: 0.505s
2024-01-22 18:03:28,339 [PID 473887] PERFORMANCE  Check (request kind: FullCheck): 17.172s
2024-01-22 18:03:29,425 [PID 473887] ERROR Found 6704 type errors!
2024-01-22 18:05:48,496 [PID 474798] INFO No binary specified, looking for `pyre.bin` in PATH
2024-01-22 18:05:48,496 [PID 474798] INFO Pyre binary is located at `/home/tim/Documents/personal/23/12/community_chess/.venv/bin/pyre.bin`
2024-01-22 18:05:48,497 [PID 474798] INFO Could not determine the number of Pyre workers from configuration. Auto-set the value to 7.
2024-01-22 18:05:48,500 [PID 474798] INFO No typeshed specified, looking for it...
2024-01-22 18:05:48,500 [PID 474798] INFO Found: `/home/tim/Documents/personal/23/12/community_chess/.venv/lib/pyre_check/typeshed`
2024-01-22 18:05:48,502 [PID 474798] INFO Writing arguments into /tmp/pyre_arguments_cvjbqpra.json...
2024-01-22 18:05:48,503 [PID 474798] DEBUG Arguments:
{
  "source_paths": {
    "kind": "simple",
    "paths": [
      "/home/tim/Documents/personal/23/12/community_chess/src/chessbot"
    ]
  },
  "search_paths": [
    "/home/tim/Documents/personal/23/12/community_chess/.venv/lib/python3.12/site-packages$dataclasses_json",
    "/home/tim/Documents/personal/23/12/community_chess/.venv/lib/python3.12/site-packages$ninja",
    "/home/tim/Documents/personal/23/12/community_chess/.venv/lib/python3.12/site-packages$attr",
    "/home/tim/Documents/personal/23/12/community_chess/.venv/lib/python3.12/site-packages$attrs",
    "/home/tim/Documents/personal/23/12/community_chess/.venv/lib/python3.12/site-packages$mypy",
    "/home/tim/Documents/personal/23/12/community_chess/.venv/lib/python3.12/site-packages$marshmallow",
    "/home/tim/Documents/personal/23/12/community_chess/.venv/lib/python3.12/site-packages$chess",
    "/home/tim/Documents/personal/23/12/community_chess/.venv/lib/python3.12/site-packages$testslide",
    "/home/tim/Documents/personal/23/12/community_chess/.venv/lib/python3.12/site-packages$packaging",
    "/home/tim/Documents/personal/23/12/community_chess/.venv/lib/python3.12/site-packages$libcst",
    "/home/tim/Documents/personal/23/12/community_chess/.venv/lib/python3.12/site-packages$websocket",
    "/home/tim/Documents/personal/23/12/community_chess/.venv/lib/python3.12/site-packages$yarl",
    "/home/tim/Documents/personal/23/12/community_chess/.venv/lib/python3.12/site-packages$idna",
    "/home/tim/Documents/personal/23/12/community_chess/.venv/lib/python3.12/site-packages$charset_normalizer",
    "/home/tim/Documents/personal/23/12/community_chess/.venv/lib/python3.12/site-packages$typeguard",
    "/home/tim/Documents/personal/23/12/community_chess/.venv/lib/python3.12/site-packages$aiosignal",
    "/home/tim/Documents/personal/23/12/community_chess/.venv/lib/python3.12/site-packages$aiosqlite",
    "/home/tim/Documents/personal/23/12/community_chess/.venv/lib/python3.12/site-packages$jinja2",
    "/home/tim/Documents/personal/23/12/community_chess/.venv/lib/python3.12/site-packages$certifi",
    "/home/tim/Documents/personal/23/12/community_chess/.venv/lib/python3.12/site-packages$frozenlist",
    "/home/tim/Documents/personal/23/12/community_chess/.venv/lib/python3.12/site-packages$aiohttp",
    "/home/tim/Documents/personal/23/12/community_chess/.venv/lib/python3.12/site-packages$pyparsing",
    "/home/tim/Documents/personal/23/12/community_chess/.venv/lib/python3.12/site-packages$markupsafe",
    "/home/tim/Documents/personal/23/12/community_chess/.venv/lib/python3.12/site-packages$pyright",
    "/home/tim/Documents/personal/23/12/community_chess/.venv/lib/python3.12/site-packages$urllib3",
    "/home/tim/Documents/personal/23/12/community_chess/.venv/lib/python3.12/site-packages$multidict",
    "/home/tim/Documents/personal/23/12/community_chess/.venv/lib/python3.12/site-packages$click",
    "/home/tim/Documents/personal/23/12/community_chess/.venv/lib/python3.12/site-packages$pip",
    "/home/tim/Documents/personal/23/12/community_chess/.venv/lib/pyre_check/typeshed/stdlib",
    "/home/tim/Documents/personal/23/12/community_chess/.venv/lib/pyre_check/typeshed/stubs/D3DShot",
    "/home/tim/Documents/personal/23/12/community_chess/.venv/lib/pyre_check/typeshed/stubs/DateTimeRange",
    "/home/tim/Documents/personal/23/12/community_chess/.venv/lib/pyre_check/typeshed/stubs/Deprecated",
    "/home/tim/Documents/personal/23/12/community_chess/.venv/lib/pyre_check/typeshed/stubs/ExifRead",
    "/home/tim/Documents/personal/23/12/community_chess/.venv/lib/pyre_check/typeshed/stubs/Flask-Cors",
    "/home/tim/Documents/personal/23/12/community_chess/.venv/lib/pyre_check/typeshed/stubs/Flask-Migrate",
    "/home/tim/Documents/personal/23/12/community_chess/.venv/lib/pyre_check/typeshed/stubs/Flask-SQLAlchemy",
    "/home/tim/Documents/personal/23/12/community_chess/.venv/lib/pyre_check/typeshed/stubs/JACK-Client",
    "/home/tim/Documents/personal/23/12/community_chess/.venv/lib/pyre_check/typeshed/stubs/Markdown",
    "/home/tim/Documents/personal/23/12/community_chess/.venv/lib/pyre_check/typeshed/stubs/Pillow",
    "/home/tim/Documents/personal/23/12/community_chess/.venv/lib/pyre_check/typeshed/stubs/PyAutoGUI",
    "/home/tim/Documents/personal/23/12/community_chess/.venv/lib/pyre_check/typeshed/stubs/PyMySQL",
    "/home/tim/Documents/personal/23/12/community_chess/.venv/lib/pyre_check/typeshed/stubs/PyScreeze",
    "/home/tim/Documents/personal/23/12/community_chess/.venv/lib/pyre_check/typeshed/stubs/PyYAML",
    "/home/tim/Documents/personal/23/12/community_chess/.venv/lib/pyre_check/typeshed/stubs/Pygments",
    "/home/tim/Documents/personal/23/12/community_chess/.venv/lib/pyre_check/typeshed/stubs/SQLAlchemy",
    "/home/tim/Documents/personal/23/12/community_chess/.venv/lib/pyre_check/typeshed/stubs/Send2Trash",
    "/home/tim/Documents/personal/23/12/community_chess/.venv/lib/pyre_check/typeshed/stubs/aiofiles",
    "/home/tim/Documents/personal/23/12/community_chess/.venv/lib/pyre_check/typeshed/stubs/annoy",
    "/home/tim/Documents/personal/23/12/community_chess/.venv/lib/pyre_check/typeshed/stubs/appdirs",
    "/home/tim/Documents/personal/23/12/community_chess/.venv/lib/pyre_check/typeshed/stubs/aws-xray-sdk",
    "/home/tim/Documents/personal/23/12/community_chess/.venv/lib/pyre_check/typeshed/stubs/babel",
    "/home/tim/Documents/personal/23/12/community_chess/.venv/lib/pyre_check/typeshed/stubs/backports.ssl_match_hostname",
    "/home/tim/Documents/personal/23/12/community_chess/.venv/lib/pyre_check/typeshed/stubs/beautifulsoup4",
    "/home/tim/Documents/personal/23/12/community_chess/.venv/lib/pyre_check/typeshed/stubs/bleach",
    "/home/tim/Documents/personal/23/12/community_chess/.venv/lib/pyre_check/typeshed/stubs/boto",
    "/home/tim/Documents/personal/23/12/community_chess/.venv/lib/pyre_check/typeshed/stubs/braintree",
    "/home/tim/Documents/personal/23/12/community_chess/.venv/lib/pyre_check/typeshed/stubs/cachetools",
    "/home/tim/Documents/personal/23/12/community_chess/.venv/lib/pyre_check/typeshed/stubs/caldav",
    "/home/tim/Documents/personal/23/12/community_chess/.venv/lib/pyre_check/typeshed/stubs/cffi",
    "/home/tim/Documents/personal/23/12/community_chess/.venv/lib/pyre_check/typeshed/stubs/chardet",
    "/home/tim/Documents/personal/23/12/community_chess/.venv/lib/pyre_check/typeshed/stubs/chevron",
    "/home/tim/Documents/personal/23/12/community_chess/.venv/lib/pyre_check/typeshed/stubs/click-spinner",
    "/home/tim/Documents/personal/23/12/community_chess/.venv/lib/pyre_check/typeshed/stubs/colorama",
    "/home/tim/Documents/personal/23/12/community_chess/.venv/lib/pyre_check/typeshed/stubs/commonmark",
    "/home/tim/Documents/personal/23/12/community_chess/.venv/lib/pyre_check/typeshed/stubs/console-menu",
    "/home/tim/Documents/personal/23/12/community_chess/.venv/lib/pyre_check/typeshed/stubs/contextvars",
    "/home/tim/Documents/personal/23/12/community_chess/.venv/lib/pyre_check/typeshed/stubs/croniter",
    "/home/tim/Documents/personal/23/12/community_chess/.venv/lib/pyre_check/typeshed/stubs/dateparser",
    "/home/tim/Documents/personal/23/12/community_chess/.venv/lib/pyre_check/typeshed/stubs/decorator",
    "/home/tim/Documents/personal/23/12/community_chess/.venv/lib/pyre_check/typeshed/stubs/dj-database-url",
    "/home/tim/Documents/personal/23/12/community_chess/.venv/lib/pyre_check/typeshed/stubs/dockerfile-parse",
    "/home/tim/Documents/personal/23/12/community_chess/.venv/lib/pyre_check/typeshed/stubs/docopt",
    "/home/tim/Documents/personal/23/12/community_chess/.venv/lib/pyre_check/typeshed/stubs/docutils",
    "/home/tim/Documents/personal/23/12/community_chess/.venv/lib/pyre_check/typeshed/stubs/editdistance",
    "/home/tim/Documents/personal/23/12/community_chess/.venv/lib/pyre_check/typeshed/stubs/emoji",
    "/home/tim/Documents/personal/23/12/community_chess/.venv/lib/pyre_check/typeshed/stubs/entrypoints",
    "/home/tim/Documents/personal/23/12/community_chess/.venv/lib/pyre_check/typeshed/stubs/first",
    "/home/tim/Documents/personal/23/12/community_chess/.venv/lib/pyre_check/typeshed/stubs/flake8-2020",
    "/home/tim/Documents/personal/23/12/community_chess/.venv/lib/pyre_check/typeshed/stubs/flake8-bugbear",
    "/home/tim/Documents/personal/23/12/community_chess/.venv/lib/pyre_check/typeshed/stubs/flake8-builtins",
    "/home/tim/Documents/personal/23/12/community_chess/.venv/lib/pyre_check/typeshed/stubs/flake8-docstrings",
    "/home/tim/Documents/personal/23/12/community_chess/.venv/lib/pyre_check/typeshed/stubs/flake8-plugin-utils",
    "/home/tim/Documents/personal/23/12/community_chess/.venv/lib/pyre_check/typeshed/stubs/flake8-rst-docstrings",
    "/home/tim/Documents/personal/23/12/community_chess/.venv/lib/pyre_check/typeshed/stubs/flake8-simplify",
    "/home/tim/Documents/personal/23/12/community_chess/.venv/lib/pyre_check/typeshed/stubs/flake8-typing-imports",
    "/home/tim/Documents/personal/23/12/community_chess/.venv/lib/pyre_check/typeshed/stubs/fpdf2",
    "/home/tim/Documents/personal/23/12/community_chess/.venv/lib/pyre_check/typeshed/stubs/gdb",
    "/home/tim/Documents/personal/23/12/community_chess/.venv/lib/pyre_check/typeshed/stubs/google-cloud-ndb",
    "/home/tim/Documents/personal/23/12/community_chess/.venv/lib/pyre_check/typeshed/stubs/hdbcli",
    "/home/tim/Documents/personal/23/12/community_chess/.venv/lib/pyre_check/typeshed/stubs/html5lib",
    "/home/tim/Documents/personal/23/12/community_chess/.venv/lib/pyre_check/typeshed/stubs/httplib2",
    "/home/tim/Documents/personal/23/12/community_chess/.venv/lib/pyre_check/typeshed/stubs/humanfriendly",
    "/home/tim/Documents/personal/23/12/community_chess/.venv/lib/pyre_check/typeshed/stubs/ibm-db",
    "/home/tim/Documents/personal/23/12/community_chess/.venv/lib/pyre_check/typeshed/stubs/influxdb-client",
    "/home/tim/Documents/personal/23/12/community_chess/.venv/lib/pyre_check/typeshed/stubs/invoke",
    "/home/tim/Documents/personal/23/12/community_chess/.venv/lib/pyre_check/typeshed/stubs/jmespath",
    "/home/tim/Documents/personal/23/12/community_chess/.venv/lib/pyre_check/typeshed/stubs/jsonschema",
    "/home/tim/Documents/personal/23/12/community_chess/.venv/lib/pyre_check/typeshed/stubs/keyboard",
    "/home/tim/Documents/personal/23/12/community_chess/.venv/lib/pyre_check/typeshed/stubs/ldap3",
    "/home/tim/Documents/personal/23/12/community_chess/.venv/lib/pyre_check/typeshed/stubs/mock",
    "/home/tim/Documents/personal/23/12/community_chess/.venv/lib/pyre_check/typeshed/stubs/mypy-extensions",
    "/home/tim/Documents/personal/23/12/community_chess/.venv/lib/pyre_check/typeshed/stubs/mysqlclient",
    "/home/tim/Documents/personal/23/12/community_chess/.venv/lib/pyre_check/typeshed/stubs/netaddr",
    "/home/tim/Documents/personal/23/12/community_chess/.venv/lib/pyre_check/typeshed/stubs/oauthlib",
    "/home/tim/Documents/personal/23/12/community_chess/.venv/lib/pyre_check/typeshed/stubs/openpyxl",
    "/home/tim/Documents/personal/23/12/community_chess/.venv/lib/pyre_check/typeshed/stubs/opentracing",
    "/home/tim/Documents/personal/23/12/community_chess/.venv/lib/pyre_check/typeshed/stubs/paho-mqtt",
    "/home/tim/Documents/personal/23/12/community_chess/.venv/lib/pyre_check/typeshed/stubs/paramiko",
    "/home/tim/Documents/personal/23/12/community_chess/.venv/lib/pyre_check/typeshed/stubs/parsimonious",
    "/home/tim/Documents/personal/23/12/community_chess/.venv/lib/pyre_check/typeshed/stubs/passlib",
    "/home/tim/Documents/personal/23/12/community_chess/.venv/lib/pyre_check/typeshed/stubs/passpy",
    "/home/tim/Documents/personal/23/12/community_chess/.venv/lib/pyre_check/typeshed/stubs/peewee",
    "/home/tim/Documents/personal/23/12/community_chess/.venv/lib/pyre_check/typeshed/stubs/pep8-naming",
    "/home/tim/Documents/personal/23/12/community_chess/.venv/lib/pyre_check/typeshed/stubs/pika",
    "/home/tim/Documents/personal/23/12/community_chess/.venv/lib/pyre_check/typeshed/stubs/playsound",
    "/home/tim/Documents/personal/23/12/community_chess/.venv/lib/pyre_check/typeshed/stubs/polib",
    "/home/tim/Documents/personal/23/12/community_chess/.venv/lib/pyre_check/typeshed/stubs/prettytable",
    "/home/tim/Documents/personal/23/12/community_chess/.venv/lib/pyre_check/typeshed/stubs/protobuf",
    "/home/tim/Documents/personal/23/12/community_chess/.venv/lib/pyre_check/typeshed/stubs/psutil",
    "/home/tim/Documents/personal/23/12/community_chess/.venv/lib/pyre_check/typeshed/stubs/psycopg2",
    "/home/tim/Documents/personal/23/12/community_chess/.venv/lib/pyre_check/typeshed/stubs/pyOpenSSL",
    "/home/tim/Documents/personal/23/12/community_chess/.venv/lib/pyre_check/typeshed/stubs/pyRFC3339",
    "/home/tim/Documents/personal/23/12/community_chess/.venv/lib/pyre_check/typeshed/stubs/pyasn1",
    "/home/tim/Documents/personal/23/12/community_chess/.venv/lib/pyre_check/typeshed/stubs/pyaudio",
    "/home/tim/Documents/personal/23/12/community_chess/.venv/lib/pyre_check/typeshed/stubs/pycocotools",
    "/home/tim/Documents/personal/23/12/community_chess/.venv/lib/pyre_check/typeshed/stubs/pycurl",
    "/home/tim/Documents/personal/23/12/community_chess/.venv/lib/pyre_check/typeshed/stubs/pyfarmhash",
    "/home/tim/Documents/personal/23/12/community_chess/.venv/lib/pyre_check/typeshed/stubs/pyflakes",
    "/home/tim/Documents/personal/23/12/community_chess/.venv/lib/pyre_check/typeshed/stubs/pyinstaller",
    "/home/tim/Documents/personal/23/12/community_chess/.venv/lib/pyre_check/typeshed/stubs/pynput",
    "/home/tim/Documents/personal/23/12/community_chess/.venv/lib/pyre_check/typeshed/stubs/pyserial",
    "/home/tim/Documents/personal/23/12/community_chess/.venv/lib/pyre_check/typeshed/stubs/pysftp",
    "/home/tim/Documents/personal/23/12/community_chess/.venv/lib/pyre_check/typeshed/stubs/pytest-lazy-fixture",
    "/home/tim/Documents/personal/23/12/community_chess/.venv/lib/pyre_check/typeshed/stubs/python-crontab",
    "/home/tim/Documents/personal/23/12/community_chess/.venv/lib/pyre_check/typeshed/stubs/python-datemath",
    "/home/tim/Documents/personal/23/12/community_chess/.venv/lib/pyre_check/typeshed/stubs/python-dateutil",
    "/home/tim/Documents/personal/23/12/community_chess/.venv/lib/pyre_check/typeshed/stubs/python-gflags",
    "/home/tim/Documents/personal/23/12/community_chess/.venv/lib/pyre_check/typeshed/stubs/python-jose",
    "/home/tim/Documents/personal/23/12/community_chess/.venv/lib/pyre_check/typeshed/stubs/python-nmap",
    "/home/tim/Documents/personal/23/12/community_chess/.venv/lib/pyre_check/typeshed/stubs/python-slugify",
    "/home/tim/Documents/personal/23/12/community_chess/.venv/lib/pyre_check/typeshed/stubs/python-xlib",
    "/home/tim/Documents/personal/23/12/community_chess/.venv/lib/pyre_check/typeshed/stubs/pytz",
    "/home/tim/Documents/personal/23/12/community_chess/.venv/lib/pyre_check/typeshed/stubs/pyvmomi",
    "/home/tim/Documents/personal/23/12/community_chess/.venv/lib/pyre_check/typeshed/stubs/pywin32",
    "/home/tim/Documents/personal/23/12/community_chess/.venv/lib/pyre_check/typeshed/stubs/redis",
    "/home/tim/Documents/personal/23/12/community_chess/.venv/lib/pyre_check/typeshed/stubs/regex",
    "/home/tim/Documents/personal/23/12/community_chess/.venv/lib/pyre_check/typeshed/stubs/requests",
    "/home/tim/Documents/personal/23/12/community_chess/.venv/lib/pyre_check/typeshed/stubs/retry",
    "/home/tim/Documents/personal/23/12/community_chess/.venv/lib/pyre_check/typeshed/stubs/setuptools",
    "/home/tim/Documents/personal/23/12/community_chess/.venv/lib/pyre_check/typeshed/stubs/simplejson",
    "/home/tim/Documents/personal/23/12/community_chess/.venv/lib/pyre_check/typeshed/stubs/singledispatch",
    "/home/tim/Documents/personal/23/12/community_chess/.venv/lib/pyre_check/typeshed/stubs/six",
    "/home/tim/Documents/personal/23/12/community_chess/.venv/lib/pyre_check/typeshed/stubs/slumber",
    "/home/tim/Documents/personal/23/12/community_chess/.venv/lib/pyre_check/typeshed/stubs/stdlib-list",
    "/home/tim/Documents/personal/23/12/community_chess/.venv/lib/pyre_check/typeshed/stubs/stripe",
    "/home/tim/Documents/personal/23/12/community_chess/.venv/lib/pyre_check/typeshed/stubs/tabulate",
    "/home/tim/Documents/personal/23/12/community_chess/.venv/lib/pyre_check/typeshed/stubs/tensorflow",
    "/home/tim/Documents/personal/23/12/community_chess/.venv/lib/pyre_check/typeshed/stubs/termcolor",
    "/home/tim/Documents/personal/23/12/community_chess/.venv/lib/pyre_check/typeshed/stubs/toml",
    "/home/tim/Documents/personal/23/12/community_chess/.venv/lib/pyre_check/typeshed/stubs/toposort",
    "/home/tim/Documents/personal/23/12/community_chess/.venv/lib/pyre_check/typeshed/stubs/tqdm",
    "/home/tim/Documents/personal/23/12/community_chess/.venv/lib/pyre_check/typeshed/stubs/tree-sitter",
    "/home/tim/Documents/personal/23/12/community_chess/.venv/lib/pyre_check/typeshed/stubs/tree-sitter-languages",
    "/home/tim/Documents/personal/23/12/community_chess/.venv/lib/pyre_check/typeshed/stubs/ttkthemes",
    "/home/tim/Documents/personal/23/12/community_chess/.venv/lib/pyre_check/typeshed/stubs/typed-ast",
    "/home/tim/Documents/personal/23/12/community_chess/.venv/lib/pyre_check/typeshed/stubs/tzlocal",
    "/home/tim/Documents/personal/23/12/community_chess/.venv/lib/pyre_check/typeshed/stubs/ujson",
    "/home/tim/Documents/personal/23/12/community_chess/.venv/lib/pyre_check/typeshed/stubs/untangle",
    "/home/tim/Documents/personal/23/12/community_chess/.venv/lib/pyre_check/typeshed/stubs/urllib3",
    "/home/tim/Documents/personal/23/12/community_chess/.venv/lib/pyre_check/typeshed/stubs/vobject",
    "/home/tim/Documents/personal/23/12/community_chess/.venv/lib/pyre_check/typeshed/stubs/waitress",
    "/home/tim/Documents/personal/23/12/community_chess/.venv/lib/pyre_check/typeshed/stubs/whatthepatch",
    "/home/tim/Documents/personal/23/12/community_chess/.venv/lib/pyre_check/typeshed/stubs/xmltodict",
    "/home/tim/Documents/personal/23/12/community_chess/.venv/lib/pyre_check/typeshed/stubs/xxhash",
    "/home/tim/Documents/personal/23/12/community_chess/.venv/lib/pyre_check/typeshed/stubs/zstd",
    "/home/tim/Documents/personal/23/12/community_chess/.venv/lib/pyre_check/typeshed/stubs/zxcvbn"
  ],
  "excludes": [],
  "checked_directory_allowlist": [
    "/home/tim/Documents/personal/23/12/community_chess/src/chessbot"
  ],
  "checked_directory_blocklist": [],
  "extensions": [],
  "log_path": "/home/tim/Documents/personal/23/12/community_chess/.pyre",
  "global_root": "/home/tim/Documents/personal/23/12/community_chess",
  "debug": false,
  "python_version": {
    "major": 3,
    "minor": 12,
    "micro": 1
  },
  "shared_memory": {},
  "parallel": true,
  "number_of_workers": 7,
  "additional_logging_sections": [],
  "show_error_traces": false,
  "strict": false
}
2024-01-22 18:05:48,521 [PID 474798] INFO  Initializing shared memory (heap_size: 8589934592, dep_table_pow: 27, hash_table_pow: 26)
2024-01-22 18:05:48,523 [PID 474798] INFO  Creating environment...
2024-01-22 18:05:48,523 [PID 474798] INFO  Building module tracker...
2024-01-22 18:05:48,783 [PID 474798] PERFORMANCE  Module tracker built: 0.260s
2024-01-22 18:05:48,829 [PID 474798] PERFORMANCE  Full environment built: 0.306s
2024-01-22 18:05:48,829 [PID 474798] INFO  Collecting all definitions...
2024-01-22 18:05:48,833 [PID 474798] PERFORMANCE  Collected definitions (defines: 21): 0.004s
2024-01-22 18:05:48,833 [PID 474798] INFO  Checking 21 functions...
2024-01-22 18:05:49,113 [PID 474798] INFO  Processed 21 of 21 functions
2024-01-22 18:05:49,114 [PID 474798] PERFORMANCE  Check_TypeCheck: 0.281s
2024-01-22 18:05:49,114 [PID 474798] MEMORY  Shared memory size post-typecheck (size: 1)
2024-01-22 18:05:49,114 [PID 474798] INFO  Postprocessing 3 sources...
2024-01-22 18:05:49,114 [PID 474798] INFO  Postprocessed 3 of 3 sources
2024-01-22 18:05:49,114 [PID 474798] PERFORMANCE  Check_Postprocessing: 0.000s
2024-01-22 18:05:49,114 [PID 474798] PERFORMANCE  Check (request kind: FullCheck): 0.591s
2024-01-22 18:05:49,137 [PID 474798] ERROR Found 3 type errors!
